<?xml version="1.0" encoding="UTF-8"?>
<testsuite xmlns:xsi="http://www.w3.org/2001/XMLSchema-instance" xsi:noNamespaceSchemaLocation="https://maven.apache.org/surefire/maven-surefire-plugin/xsd/surefire-test-report-3.0.xsd" version="3.0" name="org.example.JavaEnterpriseIntensive.firstLesson.main.IsDigitTest" time="0.004" tests="2" errors="0" skipped="0" failures="0">
  <properties>
    <property name="gopherProxySet" value="false"/>
    <property name="awt.toolkit" value="sun.lwawt.macosx.LWCToolkit"/>
    <property name="java.specification.version" value="11"/>
    <property name="sun.cpu.isalist" value=""/>
    <property name="sun.jnu.encoding" value="UTF-8"/>
    <property name="java.class.path" value="/Users/GrigoryDmitrievich/IdeaProjects/JavaEnterpriseIntensive/target/test-classes:/Users/GrigoryDmitrievich/IdeaProjects/JavaEnterpriseIntensive/target/classes:/Users/GrigoryDmitrievich/.m2/repository/org/postgresql/postgresql/42.2.19/postgresql-42.2.19.jar:/Users/GrigoryDmitrievich/.m2/repository/org/checkerframework/checker-qual/3.5.0/checker-qual-3.5.0.jar:/Users/GrigoryDmitrievich/.m2/repository/com/mchange/c3p0/0.9.5.5/c3p0-0.9.5.5.jar:/Users/GrigoryDmitrievich/.m2/repository/com/mchange/mchange-commons-java/0.2.19/mchange-commons-java-0.2.19.jar:/Users/GrigoryDmitrievich/.m2/repository/org/apache/commons/commons-lang3/3.11/commons-lang3-3.11.jar:/Users/GrigoryDmitrievich/.m2/repository/javax/servlet/jstl/1.2/jstl-1.2.jar:/Users/GrigoryDmitrievich/.m2/repository/javax/servlet/javax.servlet-api/3.1.0/javax.servlet-api-3.1.0.jar:/Users/GrigoryDmitrievich/.m2/repository/org/junit/platform/junit-platform-launcher/1.8.2/junit-platform-launcher-1.8.2.jar:/Users/GrigoryDmitrievich/.m2/repository/org/junit/platform/junit-platform-engine/1.8.2/junit-platform-engine-1.8.2.jar:/Users/GrigoryDmitrievich/.m2/repository/org/opentest4j/opentest4j/1.2.0/opentest4j-1.2.0.jar:/Users/GrigoryDmitrievich/.m2/repository/org/junit/platform/junit-platform-commons/1.8.2/junit-platform-commons-1.8.2.jar:/Users/GrigoryDmitrievich/.m2/repository/org/apiguardian/apiguardian-api/1.1.2/apiguardian-api-1.1.2.jar:/Users/GrigoryDmitrievich/.m2/repository/org/junit/vintage/junit-vintage-engine/5.8.2/junit-vintage-engine-5.8.2.jar:/Users/GrigoryDmitrievich/.m2/repository/junit/junit/4.13.2/junit-4.13.2.jar:/Users/GrigoryDmitrievich/.m2/repository/org/hamcrest/hamcrest-core/1.3/hamcrest-core-1.3.jar:/Users/GrigoryDmitrievich/.m2/repository/org/junit/jupiter/junit-jupiter-engine/5.8.2/junit-jupiter-engine-5.8.2.jar:/Users/GrigoryDmitrievich/.m2/repository/org/junit/jupiter/junit-jupiter-api/5.8.2/junit-jupiter-api-5.8.2.jar:/Users/GrigoryDmitrievich/.m2/repository/org/junit/jupiter/junit-jupiter-params/5.8.2/junit-jupiter-params-5.8.2.jar:/Users/GrigoryDmitrievich/.m2/repository/commons-digester/commons-digester/2.1/commons-digester-2.1.jar:/Users/GrigoryDmitrievich/.m2/repository/commons-beanutils/commons-beanutils/1.8.3/commons-beanutils-1.8.3.jar:/Users/GrigoryDmitrievich/.m2/repository/commons-logging/commons-logging/1.1.1/commons-logging-1.1.1.jar:"/>
    <property name="java.vm.vendor" value="Amazon.com Inc."/>
    <property name="sun.arch.data.model" value="64"/>
    <property name="java.vendor.url" value="https://aws.amazon.com/corretto/"/>
    <property name="user.timezone" value=""/>
    <property name="java.vm.specification.version" value="11"/>
    <property name="os.name" value="Mac OS X"/>
    <property name="sun.java.launcher" value="SUN_STANDARD"/>
    <property name="user.country" value="BY"/>
    <property name="sun.boot.library.path" value="/Users/GrigoryDmitrievich/Library/Java/JavaVirtualMachines/corretto-11.0.15/Contents/Home/lib"/>
    <property name="sun.java.command" value="/Users/GrigoryDmitrievich/IdeaProjects/JavaEnterpriseIntensive/target/surefire/surefirebooter12695696130017004615.jar /Users/GrigoryDmitrievich/IdeaProjects/JavaEnterpriseIntensive/target/surefire 2022-05-09T16-41-34_604-jvmRun1 surefire14898683287019757917tmp surefire_09657937883843179639tmp"/>
    <property name="http.nonProxyHosts" value="local|*.local|169.254/16|*.169.254/16"/>
    <property name="jdk.debug" value="release"/>
    <property name="surefire.test.class.path" value="/Users/GrigoryDmitrievich/IdeaProjects/JavaEnterpriseIntensive/target/test-classes:/Users/GrigoryDmitrievich/IdeaProjects/JavaEnterpriseIntensive/target/classes:/Users/GrigoryDmitrievich/.m2/repository/org/postgresql/postgresql/42.2.19/postgresql-42.2.19.jar:/Users/GrigoryDmitrievich/.m2/repository/org/checkerframework/checker-qual/3.5.0/checker-qual-3.5.0.jar:/Users/GrigoryDmitrievich/.m2/repository/com/mchange/c3p0/0.9.5.5/c3p0-0.9.5.5.jar:/Users/GrigoryDmitrievich/.m2/repository/com/mchange/mchange-commons-java/0.2.19/mchange-commons-java-0.2.19.jar:/Users/GrigoryDmitrievich/.m2/repository/org/apache/commons/commons-lang3/3.11/commons-lang3-3.11.jar:/Users/GrigoryDmitrievich/.m2/repository/javax/servlet/jstl/1.2/jstl-1.2.jar:/Users/GrigoryDmitrievich/.m2/repository/javax/servlet/javax.servlet-api/3.1.0/javax.servlet-api-3.1.0.jar:/Users/GrigoryDmitrievich/.m2/repository/org/junit/platform/junit-platform-launcher/1.8.2/junit-platform-launcher-1.8.2.jar:/Users/GrigoryDmitrievich/.m2/repository/org/junit/platform/junit-platform-engine/1.8.2/junit-platform-engine-1.8.2.jar:/Users/GrigoryDmitrievich/.m2/repository/org/opentest4j/opentest4j/1.2.0/opentest4j-1.2.0.jar:/Users/GrigoryDmitrievich/.m2/repository/org/junit/platform/junit-platform-commons/1.8.2/junit-platform-commons-1.8.2.jar:/Users/GrigoryDmitrievich/.m2/repository/org/apiguardian/apiguardian-api/1.1.2/apiguardian-api-1.1.2.jar:/Users/GrigoryDmitrievich/.m2/repository/org/junit/vintage/junit-vintage-engine/5.8.2/junit-vintage-engine-5.8.2.jar:/Users/GrigoryDmitrievich/.m2/repository/junit/junit/4.13.2/junit-4.13.2.jar:/Users/GrigoryDmitrievich/.m2/repository/org/hamcrest/hamcrest-core/1.3/hamcrest-core-1.3.jar:/Users/GrigoryDmitrievich/.m2/repository/org/junit/jupiter/junit-jupiter-engine/5.8.2/junit-jupiter-engine-5.8.2.jar:/Users/GrigoryDmitrievich/.m2/repository/org/junit/jupiter/junit-jupiter-api/5.8.2/junit-jupiter-api-5.8.2.jar:/Users/GrigoryDmitrievich/.m2/repository/org/junit/jupiter/junit-jupiter-params/5.8.2/junit-jupiter-params-5.8.2.jar:/Users/GrigoryDmitrievich/.m2/repository/commons-digester/commons-digester/2.1/commons-digester-2.1.jar:/Users/GrigoryDmitrievich/.m2/repository/commons-beanutils/commons-beanutils/1.8.3/commons-beanutils-1.8.3.jar:/Users/GrigoryDmitrievich/.m2/repository/commons-logging/commons-logging/1.1.1/commons-logging-1.1.1.jar:"/>
    <property name="sun.cpu.endian" value="little"/>
    <property name="user.home" value="/Users/GrigoryDmitrievich"/>
    <property name="user.language" value="ru"/>
    <property name="java.specification.vendor" value="Oracle Corporation"/>
    <property name="java.version.date" value="2022-04-19"/>
    <property name="java.home" value="/Users/GrigoryDmitrievich/Library/Java/JavaVirtualMachines/corretto-11.0.15/Contents/Home"/>
    <property name="file.separator" value="/"/>
    <property name="basedir" value="/Users/GrigoryDmitrievich/IdeaProjects/JavaEnterpriseIntensive"/>
    <property name="java.vm.compressedOopsMode" value="Zero based"/>
    <property name="line.separator" value="&#10;"/>
    <property name="java.specification.name" value="Java Platform API Specification"/>
    <property name="java.vm.specification.vendor" value="Oracle Corporation"/>
    <property name="java.awt.graphicsenv" value="sun.awt.CGraphicsEnvironment"/>
    <property name="surefire.real.class.path" value="/Users/GrigoryDmitrievich/IdeaProjects/JavaEnterpriseIntensive/target/surefire/surefirebooter12695696130017004615.jar"/>
    <property name="sun.management.compiler" value="HotSpot 64-Bit Tiered Compilers"/>
    <property name="ftp.nonProxyHosts" value="local|*.local|169.254/16|*.169.254/16"/>
    <property name="java.runtime.version" value="11.0.15+9-LTS"/>
    <property name="user.name" value="GrigoryDmitrievich"/>
    <property name="path.separator" value=":"/>
    <property name="os.version" value="12.3.1"/>
    <property name="java.runtime.name" value="OpenJDK Runtime Environment"/>
    <property name="file.encoding" value="US-ASCII"/>
    <property name="java.vm.name" value="OpenJDK 64-Bit Server VM"/>
    <property name="java.vendor.version" value="Corretto-11.0.15.9.1"/>
    <property name="localRepository" value="/Users/GrigoryDmitrievich/.m2/repository"/>
    <property name="java.vendor.url.bug" value="https://github.com/corretto/corretto-11/issues/"/>
    <property name="java.io.tmpdir" value="/var/folders/dz/gk_qcytn7kgfbnmfxn25k6hc0000gp/T/"/>
    <property name="idea.version" value="2022.1"/>
    <property name="java.version" value="11.0.15"/>
    <property name="user.dir" value="/Users/GrigoryDmitrievich/IdeaProjects/JavaEnterpriseIntensive"/>
    <property name="os.arch" value="x86_64"/>
    <property name="java.vm.specification.name" value="Java Virtual Machine Specification"/>
    <property name="java.awt.printerjob" value="sun.lwawt.macosx.CPrinterJob"/>
    <property name="sun.os.patch.level" value="unknown"/>
    <property name="java.library.path" value="/Users/GrigoryDmitrievich/Library/Java/Extensions:/Library/Java/Extensions:/Network/Library/Java/Extensions:/System/Library/Java/Extensions:/usr/lib/java:."/>
    <property name="java.vm.info" value="mixed mode"/>
    <property name="java.vendor" value="Amazon.com Inc."/>
    <property name="java.vm.version" value="11.0.15+9-LTS"/>
    <property name="sun.io.unicode.encoding" value="UnicodeBig"/>
    <property name="java.class.version" value="55.0"/>
    <property name="socksNonProxyHosts" value="local|*.local|169.254/16|*.169.254/16"/>
  </properties>
  <testcase name="getCountNumbers1" classname="org.example.JavaEnterpriseIntensive.firstLesson.main.IsDigitTest" time="0.001"/>
  <testcase name="getCountNumbers" classname="org.example.JavaEnterpriseIntensive.firstLesson.main.IsDigitTest" time="0.001"/>
</testsuite>